Flow report for cpu0
Thu May 30 23:41:16 2024
Quartus II Version 9.0 Build 132 02/25/2009 SJ Full Version


---------------------
; Table of Contents ;
---------------------
  1. Legal Notice
  2. Flow Summary
  3. Flow Settings
  4. Flow Non-Default Global Settings
  5. Flow Elapsed Time
  6. Flow OS Summary
  7. Flow Log



----------------
; Legal Notice ;
----------------
Copyright (C) 1991-2009 Altera Corporation
Your use of Altera Corporation's design tools, logic functions 
and other software and tools, and its AMPP partner logic 
functions, and any output files from any of the foregoing 
(including device programming or simulation files), and any 
associated documentation or information are expressly subject 
to the terms and conditions of the Altera Program License 
Subscription Agreement, Altera MegaCore Function License 
Agreement, or other applicable license agreement, including, 
without limitation, that your use is for the sole purpose of 
programming logic devices manufactured by Altera and sold by 
Altera or its authorized distributors.  Please refer to the 
applicable agreement for further details.



+--------------------------------------------------------------------+
; Flow Summary                                                       ;
+-------------------------+------------------------------------------+
; Flow Status             ; Successful - Thu May 30 23:41:13 2024    ;
; Quartus II Version      ; 9.0 Build 132 02/25/2009 SJ Full Version ;
; Revision Name           ; cpu0                                     ;
; Top-level Entity Name   ; cpu0                                     ;
; Family                  ; Cyclone                                  ;
; Device                  ; EP1C12Q240C8                             ;
; Timing Models           ; Final                                    ;
; Met timing requirements ; Yes                                      ;
; Total logic elements    ; 1,120 / 12,060 ( 9 % )                   ;
; Total pins              ; 19 / 173 ( 11 % )                        ;
; Total virtual pins      ; 0                                        ;
; Total memory bits       ; 0 / 239,616 ( 0 % )                      ;
; Total PLLs              ; 0 / 2 ( 0 % )                            ;
+-------------------------+------------------------------------------+


+-----------------------------------------+
; Flow Settings                           ;
+-------------------+---------------------+
; Option            ; Setting             ;
+-------------------+---------------------+
; Start date & time ; 05/30/2024 23:40:49 ;
; Main task         ; Compilation         ;
; Revision Name     ; cpu0                ;
+-------------------+---------------------+


+---------------------------------------------------------------------------------------------------------------------------------------------------------------+
; Flow Non-Default Global Settings                                                                                                                              ;
+-----------------------+--------------------------------------------------------------------------------------------+---------------+-------------+------------+
; Assignment Name       ; Value                                                                                      ; Default Value ; Entity Name ; Section Id ;
+-----------------------+--------------------------------------------------------------------------------------------+---------------+-------------+------------+
; COMPILER_SIGNATURE_ID ; 118902014358661.171708364823460                                                            ; --            ; --          ; --         ;
; MISC_FILE             ; D:/cpu/cpu0.dpf                                                                            ; --            ; --          ; --         ;
; MISC_FILE             ; F:/组成原理2022/计算机组原理实验/综合性实验/综合性实验参考材料（新）/参考材料/cpu/cpu0.dpf ; --            ; --          ; --         ;
; MISC_FILE             ; C:/Users/Linsiri/Desktop/2024春/计算机组成/综合实验/cpu1/cpu0.dpf                          ; --            ; --          ; --         ;
+-----------------------+--------------------------------------------------------------------------------------------+---------------+-------------+------------+


+-----------------------------------------------------------------------------------------------------------------------------+
; Flow Elapsed Time                                                                                                           ;
+-------------------------+--------------+-------------------------+---------------------+------------------------------------+
; Module Name             ; Elapsed Time ; Average Processors Used ; Peak Virtual Memory ; Total CPU Time (on all processors) ;
+-------------------------+--------------+-------------------------+---------------------+------------------------------------+
; Analysis & Synthesis    ; 00:00:03     ; 1.0                     ; 255 MB              ; 00:00:01                           ;
; Fitter                  ; 00:00:08     ; 1.0                     ; 296 MB              ; 00:00:05                           ;
; Assembler               ; 00:00:02     ; 1.0                     ; 232 MB              ; 00:00:01                           ;
; Classic Timing Analyzer ; 00:00:02     ; 1.0                     ; 187 MB              ; 00:00:02                           ;
; Total                   ; 00:00:15     ; --                      ; --                  ; 00:00:09                           ;
+-------------------------+--------------+-------------------------+---------------------+------------------------------------+


+------------------------------------------------------------------------------------------+
; Flow OS Summary                                                                          ;
+-------------------------+------------------+---------------+------------+----------------+
; Module Name             ; Machine Hostname ; OS Name       ; OS Version ; Processor type ;
+-------------------------+------------------+---------------+------------+----------------+
; Analysis & Synthesis    ; R9000P           ; Windows Vista ; 6.2        ; x86_64         ;
; Fitter                  ; R9000P           ; Windows Vista ; 6.2        ; x86_64         ;
; Assembler               ; R9000P           ; Windows Vista ; 6.2        ; x86_64         ;
; Classic Timing Analyzer ; R9000P           ; Windows Vista ; 6.2        ; x86_64         ;
+-------------------------+------------------+---------------+------------+----------------+


------------
; Flow Log ;
------------
quartus_map --read_settings_files=on --write_settings_files=off cpu0 -c cpu0
quartus_fit --read_settings_files=off --write_settings_files=off cpu0 -c cpu0
quartus_asm --read_settings_files=off --write_settings_files=off cpu0 -c cpu0
quartus_tan --read_settings_files=off --write_settings_files=off cpu0 -c cpu0 --timing_analysis_only



